[0.078s] DEBUG:colcon:Command line arguments: ['/usr/bin/colcon', 'list', '-p', '--base-paths', '/home/oskar/nav2_ws/src/oskar_bot', '--log-base', '/dev/null']
[0.078s] DEBUG:colcon:Parsed command line arguments: Namespace(log_base=None, log_level=None, verb_name='list', build_base='build', ignore_user_meta=False, metas=['./colcon.meta'], base_paths=['/home/oskar/nav2_ws/src/oskar_bot', '--log-base', '/dev/null'], packages_ignore=None, packages_ignore_regex=None, paths=None, packages_up_to=None, packages_up_to_regex=None, packages_above=None, packages_above_and_dependencies=None, packages_above_depth=None, packages_select_by_dep=None, packages_skip_by_dep=None, packages_skip_up_to=None, packages_select_build_failed=False, packages_skip_build_finished=False, packages_select_test_failures=False, packages_skip_test_passed=False, packages_select=None, packages_skip=None, packages_select_regex=None, packages_skip_regex=None, packages_start=None, packages_end=None, allow_overriding=[], topological_order=False, names_only=False, paths_only=True, topological_graph=False, topological_graph_dot=False, topological_graph_density=False, topological_graph_legend=False, topological_graph_dot_cluster=False, topological_graph_dot_include_skipped=False, mixin_files=None, mixin=None, verb_parser=<colcon_mixin.mixin.mixin_argument.MixinArgumentDecorator object at 0x7f8a4e6a1cc0>, verb_extension=<colcon_package_information.verb.list.ListVerb object at 0x7f8a4e611ea0>, main=<bound method ListVerb.main of <colcon_package_information.verb.list.ListVerb object at 0x7f8a4e611ea0>>, mixin_verb=('list',))
[0.193s] Level 1:colcon.colcon_core.package_discovery:discover_packages(colcon_meta) check parameters
[0.193s] Level 1:colcon.colcon_core.package_discovery:discover_packages(recursive) check parameters
[0.193s] Level 1:colcon.colcon_core.package_discovery:discover_packages(ignore) check parameters
[0.193s] Level 1:colcon.colcon_core.package_discovery:discover_packages(path) check parameters
[0.193s] Level 1:colcon.colcon_core.package_discovery:discover_packages(recursive) discover
[0.193s] INFO:colcon.colcon_core.package_discovery:Crawling recursively for packages in '/home/oskar/nav2_ws/src/oskar_bot', '/home/oskar/nav2_ws/src/oskar_bot/--log-base', '/dev/null'
[0.193s] Level 1:colcon.colcon_core.package_identification:_identify(/home/oskar/nav2_ws/src/oskar_bot) by extensions ['ignore', 'ignore_ament_install']
[0.193s] Level 1:colcon.colcon_core.package_identification:_identify(/home/oskar/nav2_ws/src/oskar_bot) by extension 'ignore'
[0.193s] Level 1:colcon.colcon_core.package_identification:_identify(/home/oskar/nav2_ws/src/oskar_bot) by extension 'ignore_ament_install'
[0.194s] Level 1:colcon.colcon_core.package_identification:_identify(/home/oskar/nav2_ws/src/oskar_bot) by extensions ['colcon_pkg']
[0.194s] Level 1:colcon.colcon_core.package_identification:_identify(/home/oskar/nav2_ws/src/oskar_bot) by extension 'colcon_pkg'
[0.194s] Level 1:colcon.colcon_core.package_identification:_identify(/home/oskar/nav2_ws/src/oskar_bot) by extensions ['colcon_meta']
[0.194s] Level 1:colcon.colcon_core.package_identification:_identify(/home/oskar/nav2_ws/src/oskar_bot) by extension 'colcon_meta'
[0.194s] Level 1:colcon.colcon_core.package_identification:_identify(/home/oskar/nav2_ws/src/oskar_bot) by extensions ['ros']
[0.194s] Level 1:colcon.colcon_core.package_identification:_identify(/home/oskar/nav2_ws/src/oskar_bot) by extension 'ros'
[0.210s] Level 1:colcon.colcon_core.package_identification:_identify(/home/oskar/nav2_ws/src/oskar_bot) by extensions ['cmake', 'python']
[0.210s] Level 1:colcon.colcon_core.package_identification:_identify(/home/oskar/nav2_ws/src/oskar_bot) by extension 'cmake'
[0.210s] Level 1:colcon.colcon_core.package_identification:_identify(/home/oskar/nav2_ws/src/oskar_bot) by extension 'python'
[0.210s] Level 1:colcon.colcon_core.package_identification:_identify(/home/oskar/nav2_ws/src/oskar_bot) by extensions ['python_setup_py']
[0.210s] Level 1:colcon.colcon_core.package_identification:_identify(/home/oskar/nav2_ws/src/oskar_bot) by extension 'python_setup_py'
[0.210s] Level 1:colcon.colcon_core.package_identification:_identify(/home/oskar/nav2_ws/src/oskar_bot/image) by extensions ['ignore', 'ignore_ament_install']
[0.210s] Level 1:colcon.colcon_core.package_identification:_identify(/home/oskar/nav2_ws/src/oskar_bot/image) by extension 'ignore'
[0.210s] Level 1:colcon.colcon_core.package_identification:_identify(/home/oskar/nav2_ws/src/oskar_bot/image) by extension 'ignore_ament_install'
[0.210s] Level 1:colcon.colcon_core.package_identification:_identify(/home/oskar/nav2_ws/src/oskar_bot/image) by extensions ['colcon_pkg']
[0.210s] Level 1:colcon.colcon_core.package_identification:_identify(/home/oskar/nav2_ws/src/oskar_bot/image) by extension 'colcon_pkg'
[0.210s] Level 1:colcon.colcon_core.package_identification:_identify(/home/oskar/nav2_ws/src/oskar_bot/image) by extensions ['colcon_meta']
[0.210s] Level 1:colcon.colcon_core.package_identification:_identify(/home/oskar/nav2_ws/src/oskar_bot/image) by extension 'colcon_meta'
[0.210s] Level 1:colcon.colcon_core.package_identification:_identify(/home/oskar/nav2_ws/src/oskar_bot/image) by extensions ['ros']
[0.210s] Level 1:colcon.colcon_core.package_identification:_identify(/home/oskar/nav2_ws/src/oskar_bot/image) by extension 'ros'
[0.210s] Level 1:colcon.colcon_core.package_identification:_identify(/home/oskar/nav2_ws/src/oskar_bot/image) by extensions ['cmake', 'python']
[0.210s] Level 1:colcon.colcon_core.package_identification:_identify(/home/oskar/nav2_ws/src/oskar_bot/image) by extension 'cmake'
[0.210s] Level 1:colcon.colcon_core.package_identification:_identify(/home/oskar/nav2_ws/src/oskar_bot/image) by extension 'python'
[0.210s] Level 1:colcon.colcon_core.package_identification:_identify(/home/oskar/nav2_ws/src/oskar_bot/image) by extensions ['python_setup_py']
[0.210s] Level 1:colcon.colcon_core.package_identification:_identify(/home/oskar/nav2_ws/src/oskar_bot/image) by extension 'python_setup_py'
[0.211s] Level 1:colcon.colcon_core.package_identification:_identify(/home/oskar/nav2_ws/src/oskar_bot/livox_laser_simulation) by extensions ['ignore', 'ignore_ament_install']
[0.211s] Level 1:colcon.colcon_core.package_identification:_identify(/home/oskar/nav2_ws/src/oskar_bot/livox_laser_simulation) by extension 'ignore'
[0.211s] Level 1:colcon.colcon_core.package_identification:_identify(/home/oskar/nav2_ws/src/oskar_bot/livox_laser_simulation) by extension 'ignore_ament_install'
[0.211s] Level 1:colcon.colcon_core.package_identification:_identify(/home/oskar/nav2_ws/src/oskar_bot/livox_laser_simulation) by extensions ['colcon_pkg']
[0.211s] Level 1:colcon.colcon_core.package_identification:_identify(/home/oskar/nav2_ws/src/oskar_bot/livox_laser_simulation) by extension 'colcon_pkg'
[0.211s] Level 1:colcon.colcon_core.package_identification:_identify(/home/oskar/nav2_ws/src/oskar_bot/livox_laser_simulation) by extensions ['colcon_meta']
[0.211s] Level 1:colcon.colcon_core.package_identification:_identify(/home/oskar/nav2_ws/src/oskar_bot/livox_laser_simulation) by extension 'colcon_meta'
[0.211s] Level 1:colcon.colcon_core.package_identification:_identify(/home/oskar/nav2_ws/src/oskar_bot/livox_laser_simulation) by extensions ['ros']
[0.211s] Level 1:colcon.colcon_core.package_identification:_identify(/home/oskar/nav2_ws/src/oskar_bot/livox_laser_simulation) by extension 'ros'
[0.213s] DEBUG:colcon.colcon_core.package_identification:Package '/home/oskar/nav2_ws/src/oskar_bot/livox_laser_simulation' with type 'ros.ament_cmake' and name 'ros2_livox_simulation'
[0.213s] Level 1:colcon.colcon_core.package_identification:_identify(/home/oskar/nav2_ws/src/oskar_bot/livox_ros_driver2) by extensions ['ignore', 'ignore_ament_install']
[0.213s] Level 1:colcon.colcon_core.package_identification:_identify(/home/oskar/nav2_ws/src/oskar_bot/livox_ros_driver2) by extension 'ignore'
[0.213s] Level 1:colcon.colcon_core.package_identification:_identify(/home/oskar/nav2_ws/src/oskar_bot/livox_ros_driver2) by extension 'ignore_ament_install'
[0.213s] Level 1:colcon.colcon_core.package_identification:_identify(/home/oskar/nav2_ws/src/oskar_bot/livox_ros_driver2) by extensions ['colcon_pkg']
[0.213s] Level 1:colcon.colcon_core.package_identification:_identify(/home/oskar/nav2_ws/src/oskar_bot/livox_ros_driver2) by extension 'colcon_pkg'
[0.213s] Level 1:colcon.colcon_core.package_identification:_identify(/home/oskar/nav2_ws/src/oskar_bot/livox_ros_driver2) by extensions ['colcon_meta']
[0.213s] Level 1:colcon.colcon_core.package_identification:_identify(/home/oskar/nav2_ws/src/oskar_bot/livox_ros_driver2) by extension 'colcon_meta'
[0.213s] Level 1:colcon.colcon_core.package_identification:_identify(/home/oskar/nav2_ws/src/oskar_bot/livox_ros_driver2) by extensions ['ros']
[0.213s] Level 1:colcon.colcon_core.package_identification:_identify(/home/oskar/nav2_ws/src/oskar_bot/livox_ros_driver2) by extension 'ros'
[0.213s] Level 1:colcon.colcon_core.package_identification:_identify(/home/oskar/nav2_ws/src/oskar_bot/livox_ros_driver2) by extensions ['cmake', 'python']
[0.213s] Level 1:colcon.colcon_core.package_identification:_identify(/home/oskar/nav2_ws/src/oskar_bot/livox_ros_driver2) by extension 'cmake'
[0.214s] Level 1:colcon.colcon_core.package_identification:_identify(/home/oskar/nav2_ws/src/oskar_bot/livox_ros_driver2) by extension 'python'
[0.214s] DEBUG:colcon.colcon_core.package_identification:Package '/home/oskar/nav2_ws/src/oskar_bot/livox_ros_driver2' with type 'cmake' and name 'livox_ros_driver2'
[0.214s] Level 1:colcon.colcon_core.package_identification:_identify(/home/oskar/nav2_ws/src/oskar_bot/log) by extensions ['ignore', 'ignore_ament_install']
[0.214s] Level 1:colcon.colcon_core.package_identification:_identify(/home/oskar/nav2_ws/src/oskar_bot/log) by extension 'ignore'
[0.214s] Level 1:colcon.colcon_core.package_identification:_identify(/home/oskar/nav2_ws/src/oskar_bot/log) ignored
[0.215s] Level 1:colcon.colcon_core.package_identification:_identify(/home/oskar/nav2_ws/src/oskar_bot/rl_action) by extensions ['ignore', 'ignore_ament_install']
[0.215s] Level 1:colcon.colcon_core.package_identification:_identify(/home/oskar/nav2_ws/src/oskar_bot/rl_action) by extension 'ignore'
[0.215s] Level 1:colcon.colcon_core.package_identification:_identify(/home/oskar/nav2_ws/src/oskar_bot/rl_action) by extension 'ignore_ament_install'
[0.215s] Level 1:colcon.colcon_core.package_identification:_identify(/home/oskar/nav2_ws/src/oskar_bot/rl_action) by extensions ['colcon_pkg']
[0.215s] Level 1:colcon.colcon_core.package_identification:_identify(/home/oskar/nav2_ws/src/oskar_bot/rl_action) by extension 'colcon_pkg'
[0.215s] Level 1:colcon.colcon_core.package_identification:_identify(/home/oskar/nav2_ws/src/oskar_bot/rl_action) by extensions ['colcon_meta']
[0.215s] Level 1:colcon.colcon_core.package_identification:_identify(/home/oskar/nav2_ws/src/oskar_bot/rl_action) by extension 'colcon_meta'
[0.215s] Level 1:colcon.colcon_core.package_identification:_identify(/home/oskar/nav2_ws/src/oskar_bot/rl_action) by extensions ['ros']
[0.215s] Level 1:colcon.colcon_core.package_identification:_identify(/home/oskar/nav2_ws/src/oskar_bot/rl_action) by extension 'ros'
[0.215s] DEBUG:colcon.colcon_core.package_identification:Package '/home/oskar/nav2_ws/src/oskar_bot/rl_action' with type 'ros.ament_python' and name 'rl_action'
[0.215s] Level 1:colcon.colcon_core.package_identification:_identify(/home/oskar/nav2_ws/src/oskar_bot/rl_sar) by extensions ['ignore', 'ignore_ament_install']
[0.215s] Level 1:colcon.colcon_core.package_identification:_identify(/home/oskar/nav2_ws/src/oskar_bot/rl_sar) by extension 'ignore'
[0.215s] Level 1:colcon.colcon_core.package_identification:_identify(/home/oskar/nav2_ws/src/oskar_bot/rl_sar) by extension 'ignore_ament_install'
[0.215s] Level 1:colcon.colcon_core.package_identification:_identify(/home/oskar/nav2_ws/src/oskar_bot/rl_sar) by extensions ['colcon_pkg']
[0.215s] Level 1:colcon.colcon_core.package_identification:_identify(/home/oskar/nav2_ws/src/oskar_bot/rl_sar) by extension 'colcon_pkg'
[0.215s] Level 1:colcon.colcon_core.package_identification:_identify(/home/oskar/nav2_ws/src/oskar_bot/rl_sar) by extensions ['colcon_meta']
[0.215s] Level 1:colcon.colcon_core.package_identification:_identify(/home/oskar/nav2_ws/src/oskar_bot/rl_sar) by extension 'colcon_meta'
[0.215s] Level 1:colcon.colcon_core.package_identification:_identify(/home/oskar/nav2_ws/src/oskar_bot/rl_sar) by extensions ['ros']
[0.215s] Level 1:colcon.colcon_core.package_identification:_identify(/home/oskar/nav2_ws/src/oskar_bot/rl_sar) by extension 'ros'
[0.216s] DEBUG:colcon.colcon_core.package_identification:Package '/home/oskar/nav2_ws/src/oskar_bot/rl_sar' with type 'ros.ament_cmake' and name 'rl_sar'
[0.216s] Level 1:colcon.colcon_core.package_identification:_identify(/home/oskar/nav2_ws/src/oskar_bot/robot_joint_controller) by extensions ['ignore', 'ignore_ament_install']
[0.216s] Level 1:colcon.colcon_core.package_identification:_identify(/home/oskar/nav2_ws/src/oskar_bot/robot_joint_controller) by extension 'ignore'
[0.216s] Level 1:colcon.colcon_core.package_identification:_identify(/home/oskar/nav2_ws/src/oskar_bot/robot_joint_controller) by extension 'ignore_ament_install'
[0.216s] Level 1:colcon.colcon_core.package_identification:_identify(/home/oskar/nav2_ws/src/oskar_bot/robot_joint_controller) by extensions ['colcon_pkg']
[0.216s] Level 1:colcon.colcon_core.package_identification:_identify(/home/oskar/nav2_ws/src/oskar_bot/robot_joint_controller) by extension 'colcon_pkg'
[0.216s] Level 1:colcon.colcon_core.package_identification:_identify(/home/oskar/nav2_ws/src/oskar_bot/robot_joint_controller) by extensions ['colcon_meta']
[0.216s] Level 1:colcon.colcon_core.package_identification:_identify(/home/oskar/nav2_ws/src/oskar_bot/robot_joint_controller) by extension 'colcon_meta'
[0.216s] Level 1:colcon.colcon_core.package_identification:_identify(/home/oskar/nav2_ws/src/oskar_bot/robot_joint_controller) by extensions ['ros']
[0.216s] Level 1:colcon.colcon_core.package_identification:_identify(/home/oskar/nav2_ws/src/oskar_bot/robot_joint_controller) by extension 'ros'
[0.217s] DEBUG:colcon.colcon_core.package_identification:Package '/home/oskar/nav2_ws/src/oskar_bot/robot_joint_controller' with type 'ros.ament_cmake' and name 'robot_joint_controller'
[0.217s] Level 1:colcon.colcon_core.package_identification:_identify(/home/oskar/nav2_ws/src/oskar_bot/robot_msgs) by extensions ['ignore', 'ignore_ament_install']
[0.217s] Level 1:colcon.colcon_core.package_identification:_identify(/home/oskar/nav2_ws/src/oskar_bot/robot_msgs) by extension 'ignore'
[0.217s] Level 1:colcon.colcon_core.package_identification:_identify(/home/oskar/nav2_ws/src/oskar_bot/robot_msgs) by extension 'ignore_ament_install'
[0.217s] Level 1:colcon.colcon_core.package_identification:_identify(/home/oskar/nav2_ws/src/oskar_bot/robot_msgs) by extensions ['colcon_pkg']
[0.217s] Level 1:colcon.colcon_core.package_identification:_identify(/home/oskar/nav2_ws/src/oskar_bot/robot_msgs) by extension 'colcon_pkg'
[0.217s] Level 1:colcon.colcon_core.package_identification:_identify(/home/oskar/nav2_ws/src/oskar_bot/robot_msgs) by extensions ['colcon_meta']
[0.217s] Level 1:colcon.colcon_core.package_identification:_identify(/home/oskar/nav2_ws/src/oskar_bot/robot_msgs) by extension 'colcon_meta'
[0.217s] Level 1:colcon.colcon_core.package_identification:_identify(/home/oskar/nav2_ws/src/oskar_bot/robot_msgs) by extensions ['ros']
[0.217s] Level 1:colcon.colcon_core.package_identification:_identify(/home/oskar/nav2_ws/src/oskar_bot/robot_msgs) by extension 'ros'
[0.217s] DEBUG:colcon.colcon_core.package_identification:Package '/home/oskar/nav2_ws/src/oskar_bot/robot_msgs' with type 'ros.ament_cmake' and name 'robot_msgs'
[0.217s] Level 1:colcon.colcon_core.package_identification:_identify(/home/oskar/nav2_ws/src/oskar_bot/robots) by extensions ['ignore', 'ignore_ament_install']
[0.217s] Level 1:colcon.colcon_core.package_identification:_identify(/home/oskar/nav2_ws/src/oskar_bot/robots) by extension 'ignore'
[0.217s] Level 1:colcon.colcon_core.package_identification:_identify(/home/oskar/nav2_ws/src/oskar_bot/robots) by extension 'ignore_ament_install'
[0.218s] Level 1:colcon.colcon_core.package_identification:_identify(/home/oskar/nav2_ws/src/oskar_bot/robots) by extensions ['colcon_pkg']
[0.218s] Level 1:colcon.colcon_core.package_identification:_identify(/home/oskar/nav2_ws/src/oskar_bot/robots) by extension 'colcon_pkg'
[0.218s] Level 1:colcon.colcon_core.package_identification:_identify(/home/oskar/nav2_ws/src/oskar_bot/robots) by extensions ['colcon_meta']
[0.218s] Level 1:colcon.colcon_core.package_identification:_identify(/home/oskar/nav2_ws/src/oskar_bot/robots) by extension 'colcon_meta'
[0.218s] Level 1:colcon.colcon_core.package_identification:_identify(/home/oskar/nav2_ws/src/oskar_bot/robots) by extensions ['ros']
[0.218s] Level 1:colcon.colcon_core.package_identification:_identify(/home/oskar/nav2_ws/src/oskar_bot/robots) by extension 'ros'
[0.218s] Level 1:colcon.colcon_core.package_identification:_identify(/home/oskar/nav2_ws/src/oskar_bot/robots) by extensions ['cmake', 'python']
[0.218s] Level 1:colcon.colcon_core.package_identification:_identify(/home/oskar/nav2_ws/src/oskar_bot/robots) by extension 'cmake'
[0.218s] Level 1:colcon.colcon_core.package_identification:_identify(/home/oskar/nav2_ws/src/oskar_bot/robots) by extension 'python'
[0.218s] Level 1:colcon.colcon_core.package_identification:_identify(/home/oskar/nav2_ws/src/oskar_bot/robots) by extensions ['python_setup_py']
[0.218s] Level 1:colcon.colcon_core.package_identification:_identify(/home/oskar/nav2_ws/src/oskar_bot/robots) by extension 'python_setup_py'
[0.218s] Level 1:colcon.colcon_core.package_identification:_identify(/home/oskar/nav2_ws/src/oskar_bot/robots/go2_description) by extensions ['ignore', 'ignore_ament_install']
[0.218s] Level 1:colcon.colcon_core.package_identification:_identify(/home/oskar/nav2_ws/src/oskar_bot/robots/go2_description) by extension 'ignore'
[0.218s] Level 1:colcon.colcon_core.package_identification:_identify(/home/oskar/nav2_ws/src/oskar_bot/robots/go2_description) by extension 'ignore_ament_install'
[0.218s] Level 1:colcon.colcon_core.package_identification:_identify(/home/oskar/nav2_ws/src/oskar_bot/robots/go2_description) by extensions ['colcon_pkg']
[0.218s] Level 1:colcon.colcon_core.package_identification:_identify(/home/oskar/nav2_ws/src/oskar_bot/robots/go2_description) by extension 'colcon_pkg'
[0.218s] Level 1:colcon.colcon_core.package_identification:_identify(/home/oskar/nav2_ws/src/oskar_bot/robots/go2_description) by extensions ['colcon_meta']
[0.218s] Level 1:colcon.colcon_core.package_identification:_identify(/home/oskar/nav2_ws/src/oskar_bot/robots/go2_description) by extension 'colcon_meta'
[0.218s] Level 1:colcon.colcon_core.package_identification:_identify(/home/oskar/nav2_ws/src/oskar_bot/robots/go2_description) by extensions ['ros']
[0.218s] Level 1:colcon.colcon_core.package_identification:_identify(/home/oskar/nav2_ws/src/oskar_bot/robots/go2_description) by extension 'ros'
[0.218s] DEBUG:colcon.colcon_core.package_identification:Package '/home/oskar/nav2_ws/src/oskar_bot/robots/go2_description' with type 'ros.ament_cmake' and name 'go2_description'
[0.218s] Level 1:colcon.colcon_core.package_identification:_identify(/home/oskar/nav2_ws/src/oskar_bot/robots/go2w_description) by extensions ['ignore', 'ignore_ament_install']
[0.218s] Level 1:colcon.colcon_core.package_identification:_identify(/home/oskar/nav2_ws/src/oskar_bot/robots/go2w_description) by extension 'ignore'
[0.218s] Level 1:colcon.colcon_core.package_identification:_identify(/home/oskar/nav2_ws/src/oskar_bot/robots/go2w_description) by extension 'ignore_ament_install'
[0.219s] Level 1:colcon.colcon_core.package_identification:_identify(/home/oskar/nav2_ws/src/oskar_bot/robots/go2w_description) by extensions ['colcon_pkg']
[0.219s] Level 1:colcon.colcon_core.package_identification:_identify(/home/oskar/nav2_ws/src/oskar_bot/robots/go2w_description) by extension 'colcon_pkg'
[0.219s] Level 1:colcon.colcon_core.package_identification:_identify(/home/oskar/nav2_ws/src/oskar_bot/robots/go2w_description) by extensions ['colcon_meta']
[0.219s] Level 1:colcon.colcon_core.package_identification:_identify(/home/oskar/nav2_ws/src/oskar_bot/robots/go2w_description) by extension 'colcon_meta'
[0.219s] Level 1:colcon.colcon_core.package_identification:_identify(/home/oskar/nav2_ws/src/oskar_bot/robots/go2w_description) by extensions ['ros']
[0.219s] Level 1:colcon.colcon_core.package_identification:_identify(/home/oskar/nav2_ws/src/oskar_bot/robots/go2w_description) by extension 'ros'
[0.219s] DEBUG:colcon.colcon_core.package_identification:Package '/home/oskar/nav2_ws/src/oskar_bot/robots/go2w_description' with type 'ros.ament_cmake' and name 'go2w_description'
[0.219s] Level 1:colcon.colcon_core.package_discovery:discover_packages(recursive) using defaults
